<?xml version="1.0" encoding="UTF-8"?>
<testng-results ignored="0" total="1" passed="1" failed="0" skipped="0">
  <reporter-output>
  </reporter-output>
  <suite started-at="2020-06-28T13:11:02 EDT" name="Default suite" finished-at="2020-06-28T13:11:10 EDT" duration-ms="8756">
    <groups>
    </groups>
    <test started-at="2020-06-28T13:11:02 EDT" name="Default test" finished-at="2020-06-28T13:11:10 EDT" duration-ms="8756">
      <class name="qa.testing.Fblogin">
        <test-method signature="f(java.lang.String, java.lang.String)[pri:0, instance:qa.testing.Fblogin@5fd4f8f5]" started-at="2020-06-28T13:11:02 EDT" name="f" data-provider="dp" finished-at="2020-06-28T13:11:10 EDT" duration-ms="7982" status="PASS">
          <params>
            <param index="0">
              <value>
                <![CDATA[email2]]>
              </value>
            </param>
            <param index="1">
              <value>
                <![CDATA[pass2]]>
              </value>
            </param>
          </params>
          <reporter-output>
          </reporter-output>
        </test-method> <!-- f -->
      </class> <!-- qa.testing.Fblogin -->
    </test> <!-- Default test -->
  </suite> <!-- Default suite -->
</testng-results>
