<?xml version="1.0" encoding="UTF-8"?>
<testng-results ignored="0" total="2" passed="2" failed="0" skipped="0">
  <reporter-output>
  </reporter-output>
  <suite started-at="2020-07-01T22:16:42Z" name="Default suite" finished-at="2020-07-01T22:17:07Z" duration-ms="25622">
    <groups>
    </groups>
    <test started-at="2020-07-01T22:16:42Z" name="Default test" finished-at="2020-07-01T22:17:07Z" duration-ms="25622">
      <class name="qa.testing.Ebay2Class">
        <test-method is-config="true" signature="befCls()[pri:0, instance:qa.testing.Ebay2Class@771a660]" started-at="2020-07-01T18:16:42Z" name="befCls" finished-at="2020-07-01T18:16:42Z" duration-ms="7" status="PASS">
          <reporter-output>
          </reporter-output>
        </test-method> <!-- befCls -->
        <test-method is-config="true" signature="befSetup()[pri:0, instance:qa.testing.Ebay2Class@771a660]" started-at="2020-07-01T18:16:42Z" name="befSetup" finished-at="2020-07-01T18:16:48Z" duration-ms="6917" status="PASS">
          <reporter-output>
          </reporter-output>
        </test-method> <!-- befSetup -->
        <test-method signature="Udem11()[pri:0, instance:qa.testing.Ebay2Class@771a660]" started-at="2020-07-01T18:16:48Z" name="Udem11" finished-at="2020-07-01T18:16:53Z" duration-ms="4387" status="PASS">
          <reporter-output>
          </reporter-output>
        </test-method> <!-- Udem11 -->
        <test-method is-config="true" signature="aftSetup()[pri:0, instance:qa.testing.Ebay2Class@771a660]" started-at="2020-07-01T18:16:53Z" name="aftSetup" finished-at="2020-07-01T18:16:53Z" duration-ms="123" status="PASS">
          <reporter-output>
          </reporter-output>
        </test-method> <!-- aftSetup -->
        <test-method is-config="true" signature="befSetup()[pri:0, instance:qa.testing.Ebay2Class@771a660]" started-at="2020-07-01T18:16:53Z" name="befSetup" finished-at="2020-07-01T18:16:59Z" duration-ms="6420" status="PASS">
          <reporter-output>
          </reporter-output>
        </test-method> <!-- befSetup -->
        <test-method signature="f()[pri:0, instance:qa.testing.Ebay2Class@771a660]" started-at="2020-07-01T18:16:59Z" name="f" finished-at="2020-07-01T18:17:03Z" duration-ms="3428" status="PASS">
          <reporter-output>
          </reporter-output>
        </test-method> <!-- f -->
        <test-method is-config="true" signature="aftSetup()[pri:0, instance:qa.testing.Ebay2Class@771a660]" started-at="2020-07-01T18:17:03Z" name="aftSetup" finished-at="2020-07-01T18:17:07Z" duration-ms="4323" status="PASS">
          <reporter-output>
          </reporter-output>
        </test-method> <!-- aftSetup -->
        <test-method is-config="true" signature="aftCls()[pri:0, instance:qa.testing.Ebay2Class@771a660]" started-at="2020-07-01T18:17:07Z" name="aftCls" finished-at="2020-07-01T18:17:07Z" duration-ms="1" status="PASS">
          <reporter-output>
          </reporter-output>
        </test-method> <!-- aftCls -->
      </class> <!-- qa.testing.Ebay2Class -->
    </test> <!-- Default test -->
  </suite> <!-- Default suite -->
</testng-results>
