<?xml version="1.0" encoding="UTF-8"?>
<testng-results ignored="0" total="2" passed="2" failed="0" skipped="0">
  <reporter-output>
  </reporter-output>
  <suite started-at="2020-06-23T18:05:14 EDT" name="Default suite" finished-at="2020-06-23T18:05:21 EDT" duration-ms="7440">
    <groups>
    </groups>
    <test started-at="2020-06-23T18:05:14 EDT" name="Default test" finished-at="2020-06-23T18:05:21 EDT" duration-ms="7440">
      <class name="orbitzT.Orbitz1">
        <test-method signature="altert()[pri:0, instance:orbitzT.Orbitz1@515aebb0]" started-at="2020-06-23T18:05:14 EDT" name="altert" finished-at="2020-06-23T18:05:20 EDT" duration-ms="5946" status="PASS">
          <reporter-output>
          </reporter-output>
        </test-method> <!-- altert -->
        <test-method signature="logo()[pri:0, instance:orbitzT.Orbitz1@515aebb0]" started-at="2020-06-23T18:05:20 EDT" name="logo" finished-at="2020-06-23T18:05:21 EDT" duration-ms="1466" status="PASS">
          <reporter-output>
          </reporter-output>
        </test-method> <!-- logo -->
      </class> <!-- orbitzT.Orbitz1 -->
    </test> <!-- Default test -->
  </suite> <!-- Default suite -->
</testng-results>
