<?xml version="1.0" encoding="UTF-8"?>
<testng-results ignored="0" total="1" passed="1" failed="0" skipped="0">
  <reporter-output>
  </reporter-output>
  <suite started-at="2020-06-22T11:19:43 EDT" name="Default suite" finished-at="2020-06-22T11:19:51 EDT" duration-ms="8185">
    <groups>
    </groups>
    <test started-at="2020-06-22T11:19:43 EDT" name="Default test" finished-at="2020-06-22T11:19:51 EDT" duration-ms="8185">
      <class name="train.Screenshotgoogle">
        <test-method signature="TestJavaS1()[pri:0, instance:train.Screenshotgoogle@6d763516]" started-at="2020-06-22T11:19:43 EDT" name="TestJavaS1" finished-at="2020-06-22T11:19:51 EDT" duration-ms="8161" status="PASS">
          <reporter-output>
          </reporter-output>
        </test-method> <!-- TestJavaS1 -->
      </class> <!-- train.Screenshotgoogle -->
    </test> <!-- Default test -->
  </suite> <!-- Default suite -->
</testng-results>
